c:\users\maty\source\repos\kiv-os\os_simulator\msvc\kernel\x64\debug\vc140.pdb
c:\users\maty\source\repos\kiv-os\os_simulator\msvc\kernel\x64\debug\vc140.idb
c:\users\maty\source\repos\kiv-os\os_simulator\msvc\kernel\x64\debug\dllmain.obj
c:\users\maty\source\repos\kiv-os\os_simulator\msvc\kernel\x64\debug\file.obj
c:\users\maty\source\repos\kiv-os\os_simulator\msvc\kernel\x64\debug\filedescriptor.obj
c:\users\maty\source\repos\kiv-os\os_simulator\msvc\kernel\x64\debug\fs.obj
c:\users\maty\source\repos\kiv-os\os_simulator\msvc\kernel\x64\debug\io.obj
c:\users\maty\source\repos\kiv-os\os_simulator\msvc\kernel\x64\debug\kernel.obj
c:\users\maty\source\repos\kiv-os\os_simulator\compiled\kernel.lib
c:\users\maty\source\repos\kiv-os\os_simulator\compiled\kernel.exp
c:\users\maty\source\repos\kiv-os\os_simulator\compiled\kernel.ilk
c:\users\maty\source\repos\kiv-os\os_simulator\compiled\kernel.dll
c:\users\maty\source\repos\kiv-os\os_simulator\compiled\kernel.pdb
c:\users\maty\source\repos\kiv-os\os_simulator\msvc\kernel\..\..\compiled\kernel.dll
c:\users\maty\source\repos\kiv-os\os_simulator\msvc\kernel\x64\debug\kernel.tlog\cl.command.1.tlog
c:\users\maty\source\repos\kiv-os\os_simulator\msvc\kernel\x64\debug\kernel.tlog\cl.read.1.tlog
c:\users\maty\source\repos\kiv-os\os_simulator\msvc\kernel\x64\debug\kernel.tlog\cl.write.1.tlog
c:\users\maty\source\repos\kiv-os\os_simulator\msvc\kernel\x64\debug\kernel.tlog\kernel.write.1u.tlog
c:\users\maty\source\repos\kiv-os\os_simulator\msvc\kernel\x64\debug\kernel.tlog\link.command.1.tlog
c:\users\maty\source\repos\kiv-os\os_simulator\msvc\kernel\x64\debug\kernel.tlog\link.read.1.tlog
c:\users\maty\source\repos\kiv-os\os_simulator\msvc\kernel\x64\debug\kernel.tlog\link.write.1.tlog
