  kernel.cpp
c:\users\maty\source\repos\kiv-os\os_simulator\src\kernel\kernel.cpp(11): error C2039: 'Rax': is not a member of '_CONTEXT'
  c:\program files (x86)\windows kits\8.1\include\um\winnt.h(5949): note: see declaration of '_CONTEXT'
c:\users\maty\source\repos\kiv-os\os_simulator\src\kernel\kernel.cpp(26): error C2373: 'SysCall': redefinition; different type modifiers
  c:\users\maty\source\repos\kiv-os\os_simulator\src\kernel\kernel.h(9): note: see declaration of 'SysCall'
c:\users\maty\source\repos\kiv-os\os_simulator\src\kernel\kernel.cpp(28): error C2039: 'Rax': is not a member of '_CONTEXT'
  c:\program files (x86)\windows kits\8.1\include\um\winnt.h(5949): note: see declaration of '_CONTEXT'
c:\users\maty\source\repos\kiv-os\os_simulator\src\kernel\kernel.cpp(34): error C2373: 'Run_VM': redefinition; different type modifiers
  c:\users\maty\source\repos\kiv-os\os_simulator\src\kernel\kernel.h(10): note: see declaration of 'Run_VM'
  io.cpp
c:\users\maty\source\repos\kiv-os\os_simulator\src\kernel\io.cpp(8): error C2039: 'Rax': is not a member of '_CONTEXT'
  c:\program files (x86)\windows kits\8.1\include\um\winnt.h(5949): note: see declaration of '_CONTEXT'
c:\users\maty\source\repos\kiv-os\os_simulator\src\kernel\io.cpp(10): error C2039: 'Rax': is not a member of '_CONTEXT'
  c:\program files (x86)\windows kits\8.1\include\um\winnt.h(5949): note: see declaration of '_CONTEXT'
c:\users\maty\source\repos\kiv-os\os_simulator\src\kernel\io.cpp(10): error C2039: 'Rdx': is not a member of '_CONTEXT'
  c:\program files (x86)\windows kits\8.1\include\um\winnt.h(5949): note: see declaration of '_CONTEXT'
c:\users\maty\source\repos\kiv-os\os_simulator\src\kernel\io.cpp(10): error C2039: 'Rcx': is not a member of '_CONTEXT'
  c:\program files (x86)\windows kits\8.1\include\um\winnt.h(5949): note: see declaration of '_CONTEXT'
c:\users\maty\source\repos\kiv-os\os_simulator\src\kernel\io.cpp(10): error C2660: 'CreateFileA': function does not take 6 arguments
c:\users\maty\source\repos\kiv-os\os_simulator\src\kernel\io.cpp(12): error C2039: 'Rax': is not a member of '_CONTEXT'
  c:\program files (x86)\windows kits\8.1\include\um\winnt.h(5949): note: see declaration of '_CONTEXT'
c:\users\maty\source\repos\kiv-os\os_simulator\src\kernel\io.cpp(19): error C2039: 'Rdx': is not a member of '_CONTEXT'
  c:\program files (x86)\windows kits\8.1\include\um\winnt.h(5949): note: see declaration of '_CONTEXT'
c:\users\maty\source\repos\kiv-os\os_simulator\src\kernel\io.cpp(19): error C2039: 'Rdi': is not a member of '_CONTEXT'
  c:\program files (x86)\windows kits\8.1\include\um\winnt.h(5949): note: see declaration of '_CONTEXT'
c:\users\maty\source\repos\kiv-os\os_simulator\src\kernel\io.cpp(19): error C2039: 'Rcx': is not a member of '_CONTEXT'
  c:\program files (x86)\windows kits\8.1\include\um\winnt.h(5949): note: see declaration of '_CONTEXT'
c:\users\maty\source\repos\kiv-os\os_simulator\src\kernel\io.cpp(19): error C2660: 'WriteFile': function does not take 3 arguments
c:\users\maty\source\repos\kiv-os\os_simulator\src\kernel\io.cpp(19): error C2789: 'failed': an object of const-qualified type must be initialized
  c:\users\maty\source\repos\kiv-os\os_simulator\src\kernel\io.cpp(19): note: see declaration of 'failed'
c:\users\maty\source\repos\kiv-os\os_simulator\src\kernel\io.cpp(21): error C2039: 'Rax': is not a member of '_CONTEXT'
  c:\program files (x86)\windows kits\8.1\include\um\winnt.h(5949): note: see declaration of '_CONTEXT'
c:\users\maty\source\repos\kiv-os\os_simulator\src\kernel\io.cpp(27): error C2039: 'Rdx': is not a member of '_CONTEXT'
  c:\program files (x86)\windows kits\8.1\include\um\winnt.h(5949): note: see declaration of '_CONTEXT'
  fs.cpp
  dllmain.cpp
  Generating Code...
