  shell.cpp
  rtl.cpp
c:\users\maty\source\repos\kiv-os\os_simulator\src\user\rtl.cpp(16): error C2039: 'Rax': is not a member of '_CONTEXT'
  c:\program files (x86)\windows kits\8.1\include\um\winnt.h(5949): note: see declaration of '_CONTEXT'
c:\users\maty\source\repos\kiv-os\os_simulator\src\user\rtl.cpp(24): error C2039: 'Rax': is not a member of '_CONTEXT'
  c:\program files (x86)\windows kits\8.1\include\um\winnt.h(5949): note: see declaration of '_CONTEXT'
c:\users\maty\source\repos\kiv-os\os_simulator\src\user\rtl.cpp(34): error C2039: 'Rdx': is not a member of '_CONTEXT'
  c:\program files (x86)\windows kits\8.1\include\um\winnt.h(5949): note: see declaration of '_CONTEXT'
c:\users\maty\source\repos\kiv-os\os_simulator\src\user\rtl.cpp(35): error C2039: 'Rcx': is not a member of '_CONTEXT'
  c:\program files (x86)\windows kits\8.1\include\um\winnt.h(5949): note: see declaration of '_CONTEXT'
c:\users\maty\source\repos\kiv-os\os_simulator\src\user\rtl.cpp(37): error C2039: 'Rax': is not a member of '_CONTEXT'
  c:\program files (x86)\windows kits\8.1\include\um\winnt.h(5949): note: see declaration of '_CONTEXT'
c:\users\maty\source\repos\kiv-os\os_simulator\src\user\rtl.cpp(42): error C2039: 'Rdx': is not a member of '_CONTEXT'
  c:\program files (x86)\windows kits\8.1\include\um\winnt.h(5949): note: see declaration of '_CONTEXT'
c:\users\maty\source\repos\kiv-os\os_simulator\src\user\rtl.cpp(43): error C2039: 'Rdi': is not a member of '_CONTEXT'
  c:\program files (x86)\windows kits\8.1\include\um\winnt.h(5949): note: see declaration of '_CONTEXT'
c:\users\maty\source\repos\kiv-os\os_simulator\src\user\rtl.cpp(44): error C2039: 'Rcx': is not a member of '_CONTEXT'
  c:\program files (x86)\windows kits\8.1\include\um\winnt.h(5949): note: see declaration of '_CONTEXT'
c:\users\maty\source\repos\kiv-os\os_simulator\src\user\rtl.cpp(47): error C2039: 'Rax': is not a member of '_CONTEXT'
  c:\program files (x86)\windows kits\8.1\include\um\winnt.h(5949): note: see declaration of '_CONTEXT'
c:\users\maty\source\repos\kiv-os\os_simulator\src\user\rtl.cpp(53): error C2039: 'Rdx': is not a member of '_CONTEXT'
  c:\program files (x86)\windows kits\8.1\include\um\winnt.h(5949): note: see declaration of '_CONTEXT'
  dllmain.cpp
  Generating Code...
